<?xml version="1.0" encoding="UTF-8"?>
<!-- Generated by org.testng.reporters.JUnitReportReporter -->
<testsuite hostname="LAPTOP-FO2093R8" failures="0" tests="1" name="com.TestLayer.HomePage_Testing" time="0.016" errors="0" timestamp="2022-07-11T17:07:13 IST" skipped="0">
  <testcase classname="com.TestLayer.HomePage_Testing" name="testing_validatingHP" time="0.016"/>
  <system-out/>
</testsuite> <!-- com.TestLayer.HomePage_Testing -->
